<?xml version="1.0" encoding="utf-8"?><testsuites name="pytest tests"><testsuite name="pytest" errors="0" failures="0" skipped="0" tests="18" time="25.005" timestamp="2026-04-28T09:58:26.935873+00:00" hostname="agent-env-b5fd5244-a5a7-40fc-990a-fd34f227d27e"><testcase classname="backend.tests.backend_test.TestPlantCatalog" name="test_get_catalog" time="0.685" /><testcase classname="backend.tests.backend_test.TestPlants" name="test_create_plant" time="0.087" /><testcase classname="backend.tests.backend_test.TestPlants" name="test_max_plants_limit" time="0.656" /><testcase classname="backend.tests.backend_test.TestPlants" name="test_create_plant_invalid_catalog" time="0.055" /><testcase classname="backend.tests.backend_test.TestPlants" name="test_get_plants" time="0.056" /><testcase classname="backend.tests.backend_test.TestPlants" name="test_harvest_plant" time="0.276" /><testcase classname="backend.tests.backend_test.TestPlants" name="test_harvest_nonexistent" time="0.114" /><testcase classname="backend.tests.backend_test.TestPlants" name="test_delete_plant" time="0.109" /><testcase classname="backend.tests.backend_test.TestPlants" name="test_delete_nonexistent" time="0.148" /><testcase classname="backend.tests.backend_test.TestTent" name="test_get_status" time="0.059" /><testcase classname="backend.tests.backend_test.TestTent" name="test_update_status" time="0.231" /><testcase classname="backend.tests.backend_test.TestNotifications" name="test_get_notifications" time="0.061" /><testcase classname="backend.tests.backend_test.TestNotifications" name="test_check_notifications_low_water" time="0.358" /><testcase classname="backend.tests.backend_test.TestAIChat" name="test_ai_chat_claude" time="20.823" /><testcase classname="backend.tests.backend_test.TestTutorials" name="test_create_tutorial" time="0.059" /><testcase classname="backend.tests.backend_test.TestTutorials" name="test_get_tutorials" time="0.054" /><testcase classname="backend.tests.backend_test.TestTutorials" name="test_delete_tutorial" time="0.141" /><testcase classname="backend.tests.backend_test.TestCommunity" name="test_get_feed" time="0.053" /></testsuite></testsuites>