<?xml version="1.0" encoding="utf-8"?><testsuites name="pytest tests"><testsuite name="pytest" errors="0" failures="3" skipped="0" tests="22" time="21.150" timestamp="2026-05-12T08:44:49.151515+00:00" hostname="agent-env-b5fd5244-a5a7-40fc-990a-fd34f227d27e"><testcase classname="backend.tests.backend_test.TestPlantCatalog" name="test_get_catalog" time="0.368" /><testcase classname="backend.tests.backend_test.TestPlants" name="test_create_plant" time="0.084" /><testcase classname="backend.tests.backend_test.TestPlants" name="test_no_max_plants_limit" time="1.193" /><testcase classname="backend.tests.backend_test.TestPlants" name="test_create_plant_invalid_catalog" time="0.068" /><testcase classname="backend.tests.backend_test.TestPlants" name="test_get_plants" time="0.067" /><testcase classname="backend.tests.backend_test.TestPlants" name="test_harvest_plant" time="0.285" /><testcase classname="backend.tests.backend_test.TestPlants" name="test_harvest_nonexistent" time="0.073" /><testcase classname="backend.tests.backend_test.TestPlants" name="test_delete_plant" time="0.131" /><testcase classname="backend.tests.backend_test.TestPlants" name="test_delete_nonexistent" time="0.066" /><testcase classname="backend.tests.backend_test.TestTent" name="test_get_status_v5_fields" time="0.068"><failure message="AssertionError: missing field ec_level&#10;assert 'ec_level' in {'fan_on': True, 'fan_speed': 3, 'humidity': 65.0, 'light_hours': 18, ...}">backend/tests/backend_test.py:112: in test_get_status_v5_fields
    assert k in data, f"missing field {k}"
E   AssertionError: missing field ec_level
E   assert 'ec_level' in {'fan_on': True, 'fan_speed': 3, 'humidity': 65.0, 'light_hours': 18, ...}</failure></testcase><testcase classname="backend.tests.backend_test.TestTent" name="test_update_status_v5" time="0.142" /><testcase classname="backend.tests.backend_test.TestNotifications" name="test_get_notifications" time="0.071" /><testcase classname="backend.tests.backend_test.TestNotifications" name="test_check_notifications_dedup" time="0.436" /><testcase classname="backend.tests.backend_test.TestAIChat" name="test_ai_chat_claude" time="16.705" /><testcase classname="backend.tests.backend_test.TestTutorials" name="test_create_tutorial" time="0.098" /><testcase classname="backend.tests.backend_test.TestTutorials" name="test_get_tutorials" time="0.068" /><testcase classname="backend.tests.backend_test.TestTutorials" name="test_delete_tutorial" time="0.069" /><testcase classname="backend.tests.backend_test.TestCommunity" name="test_get_feed" time="0.098" /><testcase classname="backend.tests.backend_test.TestCommunity" name="test_community_post_image_upload" time="0.423"><failure message="AssertionError: assert '' == 'TEST_Community_Post_v5'&#10;  &#10;  - TEST_Community_Post_v5">backend/tests/backend_test.py:252: in test_community_post_image_upload
    assert body["notes"] == "TEST_Community_Post_v5"
E   AssertionError: assert '' == 'TEST_Community_Post_v5'
E     
E     - TEST_Community_Post_v5</failure></testcase><testcase classname="backend.tests.backend_test.TestCommunity" name="test_community_post_invalid_type" time="0.208" /><testcase classname="backend.tests.backend_test.TestCommunity" name="test_community_media_retrieve" time="0.001"><failure message="AssertionError: Upload test must run first&#10;assert None&#10; +  where None = TestCommunity.media_path">backend/tests/backend_test.py:266: in test_community_media_retrieve
    assert TestCommunity.media_path, "Upload test must run first"
E   AssertionError: Upload test must run first
E   assert None
E    +  where None = TestCommunity.media_path</failure></testcase><testcase classname="backend.tests.backend_test.TestCommunity" name="test_community_media_404" time="0.140" /></testsuite></testsuites>